0 info it worked if it ends with ok
1 verbose cli [ 'node', '/usr/local/bin/npm', 'install', 'flask' ]
2 info using npm@1.1.68
3 info using node@v0.8.8
4 verbose read json /Users/TuToneAir/Google Drive/Documents/twitter-realtime-heatmap/package.json
5 verbose read json /Users/TuToneAir/Google Drive/Documents/twitter-realtime-heatmap/node_modules/mongo/package.json
6 verbose read json /Users/TuToneAir/Google Drive/Documents/twitter-realtime-heatmap/node_modules/redis/package.json
7 verbose from cache /Users/TuToneAir/Google Drive/Documents/twitter-realtime-heatmap/package.json
8 verbose readDependencies using package.json deps
9 verbose cache add [ 'flask', null ]
10 silly cache add name=undefined spec="flask" args=["flask",null]
11 verbose parsed url { pathname: 'flask', path: 'flask', href: 'flask' }
12 silly lockFile e8439a6b-flask flask
13 verbose lock flask /Users/TuToneAir/.npm/e8439a6b-flask.lock
14 silly lockFile e8439a6b-flask flask
15 verbose addNamed [ 'flask', '' ]
16 verbose addNamed [ null, '' ]
17 silly lockFile 2906d7fe-flask flask@
18 verbose lock flask@ /Users/TuToneAir/.npm/2906d7fe-flask.lock
19 silly addNameRange { name: 'flask', range: '', hasData: false }
20 verbose url raw flask
21 verbose url resolving [ 'https://registry.npmjs.org/', './flask' ]
22 verbose url resolved https://registry.npmjs.org/flask
23 info trying registry request attempt 1 at 13:32:55
24 http GET https://registry.npmjs.org/flask
25 http 404 https://registry.npmjs.org/flask
26 silly registry.get cb [ 404,
26 silly registry.get   { server: 'CouchDB/1.2.0 (Erlang OTP/R15B)',
26 silly registry.get     date: 'Wed, 26 Dec 2012 20:31:48 GMT',
26 silly registry.get     'content-type': 'application/json',
26 silly registry.get     'content-length': '52',
26 silly registry.get     'cache-control': 'must-revalidate' } ]
27 silly lockFile 2906d7fe-flask flask@
28 error 404 'flask' is not in the npm registry.
28 error 404 You should bug the author to publish it
28 error 404
28 error 404 Note that you can also install from a
28 error 404 tarball, folder, or http url, or git url.
29 error System Darwin 12.2.1
30 error command "node" "/usr/local/bin/npm" "install" "flask"
31 error cwd /Users/TuToneAir/Google Drive/Documents/twitter-realtime-heatmap/tweepy
32 error node -v v0.8.8
33 error npm -v 1.1.68
34 error code E404
35 verbose exit [ 1, true ]
